<?xml version="1.0" encoding="UTF-8"?>
<testng-results ignored="0" total="1" passed="1" failed="0" skipped="0">
  <reporter-output>
  </reporter-output>
  <suite started-at="2024-04-20T20:18:31 IST" name="Default suite" finished-at="2024-04-20T20:18:33 IST" duration-ms="1908">
    <groups>
    </groups>
    <test started-at="2024-04-20T20:18:31 IST" name="Default test" finished-at="2024-04-20T20:18:33 IST" duration-ms="1908">
      <class name="day1.HTTP_request">
        <test-method signature="get_user()[pri:0, instance:day1.HTTP_request@2b662a77]" started-at="2024-04-20T20:18:31 IST" name="get_user" finished-at="2024-04-20T20:18:33 IST" duration-ms="1879" status="PASS">
          <reporter-output>
          </reporter-output>
        </test-method> <!-- get_user -->
      </class> <!-- day1.HTTP_request -->
    </test> <!-- Default test -->
  </suite> <!-- Default suite -->
</testng-results>
