<?xml version="1.0" encoding="UTF-8"?>
<testng-results ignored="0" total="1" passed="1" failed="0" skipped="0">
  <reporter-output>
  </reporter-output>
  <suite started-at="2024-09-16T01:36:03 IST" name="Default suite" finished-at="2024-09-16T01:36:03 IST" duration-ms="466">
    <groups>
    </groups>
    <test started-at="2024-09-16T01:36:03 IST" name="Default test" finished-at="2024-09-16T01:36:03 IST" duration-ms="466">
      <class name="excel_Integration.FetchData_Excel">
        <test-method signature="excel_sheet()[pri:0, instance:excel_Integration.FetchData_Excel@747ddf94]" started-at="2024-09-16T01:36:03 IST" name="excel_sheet" finished-at="2024-09-16T01:36:03 IST" duration-ms="431" status="PASS">
          <reporter-output>
          </reporter-output>
        </test-method> <!-- excel_sheet -->
      </class> <!-- excel_Integration.FetchData_Excel -->
    </test> <!-- Default test -->
  </suite> <!-- Default suite -->
</testng-results>
